2025-07-09 18:23:41,499 [INFO] app (__init__.py:8): Initializing Hypno-AI application
2025-07-09 18:24:19,015 [INFO] app.desktop.main_window (main_window.py:21): Initializing MainWindow
2025-07-09 18:24:19,017 [INFO] app.desktop.routines_list (routines_list.py:25): Initializing RoutinesListWidget
2025-07-09 18:24:19,029 [INFO] app.desktop.routines_list (routines_list.py:74): Refreshing routines list
2025-07-09 18:24:19,032 [INFO] app.desktop.routines_list (routines_list.py:143): Loaded 1 routines into table
2025-07-09 18:24:19,032 [INFO] app.desktop.routines_list (routines_list.py:39): RoutinesListWidget initialized
2025-07-09 18:24:19,033 [INFO] app.desktop.routine_editor (routine_editor.py:32): Initializing RoutineEditorWidget
2025-07-09 18:24:19,034 [INFO] app.desktop.task_manager (task_manager.py:27): Initializing TaskManager
2025-07-09 18:24:19,034 [INFO] app.desktop.task_manager (task_manager.py:33): TaskManager initialized
2025-07-09 18:24:20,100 [INFO] app.desktop.routine_editor (routine_editor.py:61): RoutineEditorWidget initialized
2025-07-09 18:24:20,100 [INFO] app.desktop.main_window (main_window.py:57): MainWindow initialized
2025-07-09 18:24:50,596 [INFO] app.desktop.routines_list (routines_list.py:154): Edit button clicked for routine: 9ffea1e3-8620-462c-9414-74e28ff9f206
2025-07-09 18:24:50,596 [INFO] app.desktop.main_window (main_window.py:80): Editing routine: 9ffea1e3-8620-462c-9414-74e28ff9f206
2025-07-09 18:24:50,596 [INFO] app.desktop.routine_editor (routine_editor.py:236): Loading routine: 9ffea1e3-8620-462c-9414-74e28ff9f206
2025-07-09 18:24:50,598 [WARNING] app.desktop.routine_editor (routine_editor.py:416): Audio file not found: C:\Users\D070307\workspace\hypno-ai\app\static\output\test.wav
2025-07-09 18:24:51,981 [INFO] app.desktop.routine_editor (routine_editor.py:277): Routine loaded: 9ffea1e3-8620-462c-9414-74e28ff9f206
2025-07-09 18:25:14,728 [INFO] app.desktop.routine_editor (routine_editor.py:310): Generate button clicked
2025-07-09 18:25:14,729 [INFO] app.desktop.task_manager (task_manager.py:58): Starting task for routine 'Test'
2025-07-09 18:25:14,729 [INFO] app.desktop.task_manager (task_manager.py:89): Running task for routine 'Test'
2025-07-09 18:25:14,730 [INFO] app.desktop.task_manager (task_manager.py:102): Generating audio for routine 'Test'
2025-07-09 18:25:14,730 [INFO] app.audio.audio (audio.py:347): generate_audio called with language=de, routine_name=Test, num_threads=4
2025-07-09 18:25:14,730 [INFO] app.audio.audio (audio.py:32): Initializing AudioGenerator with model=tts_models/multilingual/multi-dataset/xtts_v2, threads=4
2025-07-09 18:25:14,730 [INFO] app.audio.audio (audio.py:262): Starting audio generation for text of length 407 in language de
2025-07-09 18:25:14,730 [INFO] app.desktop.routine_editor (routine_editor.py:358): Audio generation task started
2025-07-09 18:25:14,730 [INFO] app.audio.audio (audio.py:269): Using routine name 'Test' for output filename: test.wav
2025-07-09 18:25:14,747 [INFO] app.desktop.task_manager (task_manager.py:74): Task thread started for routine 'Test'
2025-07-09 18:25:14,747 [INFO] app.audio.audio (audio.py:151): Preparing text segments from 407 characters of text
2025-07-09 18:25:14,747 [INFO] app.audio.audio (audio.py:183): Prepared 7 text segments for processing
2025-07-09 18:25:14,747 [INFO] app.audio.audio (audio.py:292): Added 7 segments to the work queue
2025-07-09 18:25:14,748 [INFO] app.audio.audio (audio.py:297): Starting 4 worker threads
2025-07-09 18:25:14,748 [INFO] app.audio.audio (audio.py:110): Worker thread 38900 started
2025-07-09 18:25:14,749 [INFO] app.audio.audio (audio.py:110): Worker thread 42696 started
2025-07-09 18:25:14,750 [INFO] app.audio.audio (audio.py:110): Worker thread 32476 started
2025-07-09 18:25:14,751 [INFO] app.audio.audio (audio.py:110): Worker thread 11940 started
2025-07-09 18:25:14,764 [INFO] TTS.utils.manage (manage.py:418): tts_models/multilingual/multi-dataset/xtts_v2 is already downloaded.
2025-07-09 18:25:14,766 [INFO] TTS.utils.manage (manage.py:418): tts_models/multilingual/multi-dataset/xtts_v2 is already downloaded.
2025-07-09 18:25:14,766 [INFO] TTS.utils.manage (manage.py:418): tts_models/multilingual/multi-dataset/xtts_v2 is already downloaded.
2025-07-09 18:25:14,767 [INFO] TTS.utils.manage (manage.py:418): tts_models/multilingual/multi-dataset/xtts_v2 is already downloaded.
2025-07-09 18:25:15,335 [INFO] TTS.tts.models (__init__.py:9): Using model: xtts
2025-07-09 18:25:15,337 [INFO] TTS.tts.models (__init__.py:9): Using model: xtts
2025-07-09 18:25:15,339 [INFO] TTS.tts.models (__init__.py:9): Using model: xtts
2025-07-09 18:25:15,340 [INFO] TTS.tts.models (__init__.py:9): Using model: xtts
2025-07-09 18:25:46,135 [INFO] TTS.utils.synthesizer (synthesizer.py:334): Text split into sentences.
2025-07-09 18:25:46,137 [INFO] TTS.utils.synthesizer (synthesizer.py:335): Input: ['Atme tief ein … und mit dem Ausatmen spürst du, wie alle Anspannung langsam aus deinem Körper strömt.']
2025-07-09 18:25:46,262 [INFO] TTS.utils.synthesizer (synthesizer.py:334): Text split into sentences.
2025-07-09 18:25:46,263 [INFO] TTS.utils.synthesizer (synthesizer.py:335): Input: ['Spüre, wie dein Rücken getragen wird … deine Schultern weich werden …']
2025-07-09 18:25:46,265 [INFO] TTS.utils.synthesizer (synthesizer.py:334): Text split into sentences.
2025-07-09 18:25:46,266 [INFO] TTS.utils.synthesizer (synthesizer.py:335): Input: ['Setze oder lege dich ganz bequem hin.']
2025-07-09 18:25:46,299 [INFO] TTS.utils.synthesizer (synthesizer.py:334): Text split into sentences.
2025-07-09 18:25:46,299 [INFO] TTS.utils.synthesizer (synthesizer.py:335): Input: ['Mit jedem Atemzug entspannst du dich ein wenig mehr.']
2025-07-09 18:26:02,903 [INFO] TTS.utils.synthesizer (synthesizer.py:539): Processing time: 16.639
2025-07-09 18:26:02,904 [INFO] TTS.utils.synthesizer (synthesizer.py:540): Real-time factor: 3.926
2025-07-09 18:26:03,006 [INFO] app.audio.audio (audio.py:91): Generated audio for segment 0_0 in 48.26 seconds
2025-07-09 18:26:03,020 [INFO] TTS.utils.manage (manage.py:418): tts_models/multilingual/multi-dataset/xtts_v2 is already downloaded.
2025-07-09 18:26:03,127 [INFO] TTS.utils.synthesizer (synthesizer.py:539): Processing time: 16.830
2025-07-09 18:26:03,128 [INFO] TTS.utils.synthesizer (synthesizer.py:540): Real-time factor: 3.875
2025-07-09 18:26:03,139 [INFO] app.audio.audio (audio.py:91): Generated audio for segment 0_2 in 48.39 seconds
2025-07-09 18:26:03,157 [INFO] TTS.utils.manage (manage.py:418): tts_models/multilingual/multi-dataset/xtts_v2 is already downloaded.
2025-07-09 18:26:03,408 [INFO] TTS.tts.models (__init__.py:9): Using model: xtts
2025-07-09 18:26:03,488 [INFO] TTS.tts.models (__init__.py:9): Using model: xtts
2025-07-09 18:26:05,764 [INFO] TTS.utils.synthesizer (synthesizer.py:539): Processing time: 19.503
2025-07-09 18:26:05,765 [INFO] TTS.utils.synthesizer (synthesizer.py:540): Real-time factor: 3.683
2025-07-09 18:26:05,779 [INFO] app.audio.audio (audio.py:91): Generated audio for segment 0_3 in 51.03 seconds
2025-07-09 18:26:05,791 [INFO] TTS.utils.manage (manage.py:418): tts_models/multilingual/multi-dataset/xtts_v2 is already downloaded.
2025-07-09 18:26:06,130 [INFO] TTS.tts.models (__init__.py:9): Using model: xtts
2025-07-09 18:26:11,567 [INFO] TTS.utils.synthesizer (synthesizer.py:539): Processing time: 25.439
2025-07-09 18:26:11,568 [INFO] TTS.utils.synthesizer (synthesizer.py:540): Real-time factor: 3.315
2025-07-09 18:26:11,593 [INFO] app.audio.audio (audio.py:91): Generated audio for segment 0_1 in 56.84 seconds
2025-07-09 18:26:11,594 [INFO] app.audio.audio (audio.py:134): Worker thread 42696 finished after processing 1 segments
2025-07-09 18:26:28,918 [INFO] TTS.utils.synthesizer (synthesizer.py:334): Text split into sentences.
2025-07-09 18:26:28,920 [INFO] TTS.utils.synthesizer (synthesizer.py:335): Input: ['Alles darf jetzt loslassen.']
2025-07-09 18:26:29,119 [INFO] TTS.utils.synthesizer (synthesizer.py:334): Text split into sentences.
2025-07-09 18:26:29,120 [INFO] TTS.utils.synthesizer (synthesizer.py:335): Input: ['Dein Gesicht entspannt sich … deine Stirn wird glatt … deine Augenlider angenehm schwer …']
2025-07-09 18:26:29,242 [INFO] TTS.utils.synthesizer (synthesizer.py:334): Text split into sentences.
2025-07-09 18:26:29,243 [INFO] TTS.utils.synthesizer (synthesizer.py:335): Input: ['Das ist aber nur ein Test.']
2025-07-09 18:26:36,818 [INFO] TTS.utils.synthesizer (synthesizer.py:539): Processing time: 7.900
2025-07-09 18:26:36,818 [INFO] TTS.utils.synthesizer (synthesizer.py:540): Real-time factor: 3.135
2025-07-09 18:26:36,834 [INFO] app.audio.audio (audio.py:91): Generated audio for segment 0_5 in 33.68 seconds
2025-07-09 18:26:36,841 [INFO] app.audio.audio (audio.py:134): Worker thread 32476 finished after processing 2 segments
2025-07-09 18:26:38,672 [INFO] TTS.utils.synthesizer (synthesizer.py:539): Processing time: 9.431
2025-07-09 18:26:38,673 [INFO] TTS.utils.synthesizer (synthesizer.py:540): Real-time factor: 2.921
2025-07-09 18:26:38,681 [INFO] app.audio.audio (audio.py:91): Generated audio for segment 0_6 in 32.90 seconds
2025-07-09 18:26:38,684 [INFO] app.audio.audio (audio.py:134): Worker thread 11940 finished after processing 2 segments
2025-07-09 18:26:44,811 [INFO] TTS.utils.synthesizer (synthesizer.py:539): Processing time: 15.695
2025-07-09 18:26:44,811 [INFO] TTS.utils.synthesizer (synthesizer.py:540): Real-time factor: 2.268
2025-07-09 18:26:44,835 [INFO] app.audio.audio (audio.py:91): Generated audio for segment 0_4 in 41.82 seconds
2025-07-09 18:26:44,836 [INFO] app.audio.audio (audio.py:134): Worker thread 38900 finished after processing 2 segments
2025-07-09 18:26:44,837 [INFO] app.audio.audio (audio.py:312): All worker threads have completed their tasks
2025-07-09 18:26:44,837 [INFO] app.audio.audio (audio.py:318): Collected 7 processed segments from result queue
2025-07-09 18:26:44,837 [INFO] app.audio.audio (audio.py:195): Combining 7 audio segments into C:\Users\D070307\workspace\hypno-ai\app\static\output\test.wav
2025-07-09 18:26:44,934 [INFO] app.audio.audio (audio.py:237): Exporting combined audio (43.44 seconds) to C:\Users\D070307\workspace\hypno-ai\app\static\output\test.wav
2025-07-09 18:26:44,936 [INFO] app.audio.audio (audio.py:241): Combined audio segments in 0.10 seconds with 0 breaks and 6 line breaks
2025-07-09 18:26:44,939 [INFO] app.audio.audio (audio.py:336): Audio generation completed in 90.21 seconds: test.wav
2025-07-09 18:26:44,939 [INFO] app.audio.audio (audio.py:352): generate_audio completed successfully, generated file: test.wav
2025-07-09 18:26:44,939 [INFO] app.desktop.task_manager (task_manager.py:112): Audio generation completed: test.wav
2025-07-09 18:26:44,941 [INFO] app.desktop.task_manager (task_manager.py:132): Updating existing routine 9ffea1e3-8620-462c-9414-74e28ff9f206
2025-07-09 18:26:44,945 [INFO] app.desktop.task_manager (task_manager.py:142): Routine 9ffea1e3-8620-462c-9414-74e28ff9f206 updated successfully
2025-07-09 18:26:44,946 [INFO] app.desktop.task_manager (task_manager.py:176): Task completed successfully for routine 'Test'
2025-07-09 18:26:44,951 [INFO] app.desktop.routine_editor (routine_editor.py:373): Audio generation completed: {'routine_id': '9ffea1e3-8620-462c-9414-74e28ff9f206', 'name': 'Test', 'filename': 'test.wav'}
2025-07-09 18:26:44,952 [INFO] app.desktop.routine_editor (routine_editor.py:414): Audio file loaded: C:\Users\D070307\workspace\hypno-ai\app\static\output\test.wav
2025-07-09 18:26:44,953 [INFO] app.desktop.main_window (main_window.py:87): Routine saved
2025-07-09 18:26:44,953 [INFO] app.desktop.routines_list (routines_list.py:74): Refreshing routines list
2025-07-09 18:26:44,962 [INFO] app.desktop.routines_list (routines_list.py:143): Loaded 1 routines into table
2025-07-09 18:26:50,276 [INFO] app.desktop.routines_list (routines_list.py:154): Edit button clicked for routine: 9ffea1e3-8620-462c-9414-74e28ff9f206
2025-07-09 18:26:50,276 [INFO] app.desktop.main_window (main_window.py:80): Editing routine: 9ffea1e3-8620-462c-9414-74e28ff9f206
2025-07-09 18:26:50,276 [INFO] app.desktop.routine_editor (routine_editor.py:236): Loading routine: 9ffea1e3-8620-462c-9414-74e28ff9f206
2025-07-09 18:26:50,277 [INFO] app.desktop.routine_editor (routine_editor.py:414): Audio file loaded: C:\Users\D070307\workspace\hypno-ai\app\static\output\test.wav
2025-07-09 18:26:50,278 [INFO] app.desktop.routine_editor (routine_editor.py:277): Routine loaded: 9ffea1e3-8620-462c-9414-74e28ff9f206
2025-07-09 18:26:55,256 [INFO] app.desktop.routine_editor (routine_editor.py:421): Play button clicked
2025-07-09 18:26:57,200 [INFO] app.desktop.routine_editor (routine_editor.py:426): Stop button clicked
2025-07-09 18:28:50,262 [INFO] app.desktop.main_window (main_window.py:101): Application closing
2025-07-09 18:30:23,367 [INFO] app (__init__.py:8): Initializing Hypno-AI application
2025-07-09 18:30:31,344 [INFO] app.desktop.main_window (main_window.py:21): Initializing MainWindow
2025-07-09 18:30:31,346 [INFO] app.desktop.routines_list (routines_list.py:25): Initializing RoutinesListWidget
2025-07-09 18:30:31,355 [INFO] app.desktop.routines_list (routines_list.py:74): Refreshing routines list
2025-07-09 18:30:31,356 [INFO] app.desktop.routines_list (routines_list.py:143): Loaded 1 routines into table
2025-07-09 18:30:31,356 [INFO] app.desktop.routines_list (routines_list.py:39): RoutinesListWidget initialized
2025-07-09 18:30:31,357 [INFO] app.desktop.routine_editor (routine_editor.py:32): Initializing RoutineEditorWidget
2025-07-09 18:30:31,357 [INFO] app.desktop.task_manager (task_manager.py:27): Initializing TaskManager
2025-07-09 18:30:31,357 [INFO] app.desktop.task_manager (task_manager.py:33): TaskManager initialized
2025-07-09 18:30:32,482 [INFO] app.desktop.routine_editor (routine_editor.py:61): RoutineEditorWidget initialized
2025-07-09 18:30:32,483 [INFO] app.desktop.main_window (main_window.py:57): MainWindow initialized
2025-07-09 18:30:37,911 [INFO] app.desktop.routines_list (routines_list.py:154): Edit button clicked for routine: 9ffea1e3-8620-462c-9414-74e28ff9f206
2025-07-09 18:30:37,911 [INFO] app.desktop.main_window (main_window.py:80): Editing routine: 9ffea1e3-8620-462c-9414-74e28ff9f206
2025-07-09 18:30:37,911 [INFO] app.desktop.routine_editor (routine_editor.py:236): Loading routine: 9ffea1e3-8620-462c-9414-74e28ff9f206
2025-07-09 18:30:37,913 [INFO] app.desktop.routine_editor (routine_editor.py:414): Audio file loaded: C:\Users\D070307\workspace\hypno-ai\app\static\output\test.wav
2025-07-09 18:30:37,913 [INFO] app.desktop.routine_editor (routine_editor.py:277): Routine loaded: 9ffea1e3-8620-462c-9414-74e28ff9f206
2025-07-09 18:31:15,968 [INFO] app.desktop.main_window (main_window.py:101): Application closing
2025-07-09 18:37:30,396 [INFO] app (__init__.py:8): Initializing Hypno-AI application
2025-07-09 18:38:11,338 [INFO] app.desktop.main_window (main_window.py:22): Initializing MainWindow
2025-07-09 18:38:11,353 [INFO] app.desktop.routines_list (routines_list.py:26): Initializing RoutinesListWidget
2025-07-09 18:38:11,359 [INFO] app.desktop.routines_list (routines_list.py:81): Refreshing routines list
2025-07-09 18:38:11,361 [INFO] app.desktop.routines_list (routines_list.py:153): Loaded 1 routines into table
2025-07-09 18:38:11,361 [INFO] app.desktop.routines_list (routines_list.py:40): RoutinesListWidget initialized
2025-07-09 18:38:11,361 [INFO] app.desktop.routine_editor (routine_editor.py:32): Initializing RoutineEditorWidget
2025-07-09 18:38:11,361 [INFO] app.desktop.task_manager (task_manager.py:27): Initializing TaskManager
2025-07-09 18:38:11,362 [INFO] app.desktop.task_manager (task_manager.py:33): TaskManager initialized
2025-07-09 18:38:12,529 [INFO] app.desktop.routine_editor (routine_editor.py:61): RoutineEditorWidget initialized
2025-07-09 18:38:12,532 [INFO] app.desktop.main_window (main_window.py:88): MainWindow initialized
2025-07-09 18:38:15,494 [INFO] app.desktop.routines_list (routines_list.py:214): Routine selected: 9ffea1e3-8620-462c-9414-74e28ff9f206
2025-07-09 18:38:15,494 [INFO] app.desktop.main_window (main_window.py:193): Routine selected: 9ffea1e3-8620-462c-9414-74e28ff9f206
2025-07-09 18:38:26,658 [INFO] app.desktop.routines_list (routines_list.py:214): Routine selected: 9ffea1e3-8620-462c-9414-74e28ff9f206
2025-07-09 18:38:26,658 [INFO] app.desktop.main_window (main_window.py:193): Routine selected: 9ffea1e3-8620-462c-9414-74e28ff9f206
2025-07-09 18:38:30,063 [INFO] app.desktop.routines_list (routines_list.py:214): Routine selected: 9ffea1e3-8620-462c-9414-74e28ff9f206
2025-07-09 18:38:30,064 [INFO] app.desktop.main_window (main_window.py:193): Routine selected: 9ffea1e3-8620-462c-9414-74e28ff9f206
2025-07-09 18:38:33,884 [INFO] app.desktop.routines_list (routines_list.py:157): New routine button clicked
2025-07-09 18:38:33,885 [INFO] app.desktop.main_window (main_window.py:134): Creating new routine
2025-07-09 18:38:44,151 [INFO] app.desktop.routine_editor (routine_editor.py:310): Generate button clicked
2025-07-09 18:38:44,152 [INFO] app.desktop.task_manager (task_manager.py:58): Starting task for routine 'test2'
2025-07-09 18:38:44,153 [INFO] app.desktop.task_manager (task_manager.py:89): Running task for routine 'test2'
2025-07-09 18:38:44,153 [INFO] app.desktop.routine_editor (routine_editor.py:358): Audio generation task started
2025-07-09 18:38:44,153 [INFO] app.desktop.task_manager (task_manager.py:102): Generating audio for routine 'test2'
2025-07-09 18:38:44,161 [INFO] app.audio.audio (audio.py:373): generate_audio called with language=en, routine_name=test2, num_threads=4
2025-07-09 18:38:44,161 [INFO] app.desktop.task_manager (task_manager.py:74): Task thread started for routine 'test2'
2025-07-09 18:38:44,161 [INFO] app.audio.audio (audio.py:32): Initializing AudioGenerator with model=tts_models/multilingual/multi-dataset/xtts_v2, threads=4
2025-07-09 18:38:44,162 [INFO] app.audio.audio (audio.py:263): Starting audio generation for text of length 20 in language en
2025-07-09 18:38:44,162 [INFO] app.audio.audio (audio.py:270): Using routine name 'test2' for output filename: test2.wav
2025-07-09 18:38:44,163 [INFO] app.audio.audio (audio.py:151): Preparing text segments from 20 characters of text
2025-07-09 18:38:44,164 [INFO] app.audio.audio (audio.py:183): Prepared 1 text segments for processing
2025-07-09 18:38:44,164 [INFO] app.audio.audio (audio.py:293): Added 1 segments to the work queue
2025-07-09 18:38:44,164 [INFO] app.audio.audio (audio.py:298): Starting 1 worker threads
2025-07-09 18:38:44,165 [INFO] app.audio.audio (audio.py:110): Worker thread 14680 started
2025-07-09 18:38:44,190 [INFO] TTS.utils.manage (manage.py:418): tts_models/multilingual/multi-dataset/xtts_v2 is already downloaded.
2025-07-09 18:38:44,802 [INFO] TTS.tts.models (__init__.py:9): Using model: xtts
2025-07-09 18:38:52,655 [INFO] TTS.utils.synthesizer (synthesizer.py:334): Text split into sentences.
2025-07-09 18:38:52,658 [INFO] TTS.utils.synthesizer (synthesizer.py:335): Input: ['this is only a test.']
2025-07-09 18:38:56,774 [INFO] TTS.utils.synthesizer (synthesizer.py:539): Processing time: 4.125
2025-07-09 18:38:56,775 [INFO] TTS.utils.synthesizer (synthesizer.py:540): Real-time factor: 2.101
2025-07-09 18:38:56,839 [INFO] app.audio.audio (audio.py:91): Generated audio for segment 0_0 in 12.67 seconds
2025-07-09 18:38:56,840 [INFO] app.audio.audio (audio.py:134): Worker thread 14680 finished after processing 1 segments
2025-07-09 18:38:56,941 [ERROR] app.audio.audio (audio.py:366): Error during audio generation: name 'segment_files' is not defined
Traceback (most recent call last):
  File "C:\Users\D070307\workspace\hypno-ai\app\audio\audio.py", line 320, in generate
    segment_files.append(result_queue.get())
NameError: name 'segment_files' is not defined
2025-07-09 18:38:56,942 [ERROR] app.audio.audio (audio.py:381): generate_audio failed: name 'segment_files' is not defined
Traceback (most recent call last):
  File "C:\Users\D070307\workspace\hypno-ai\app\audio\audio.py", line 377, in generate_audio
    result = generator.generate(text, language, voice_path, routine_name, progress_callback)
  File "C:\Users\D070307\workspace\hypno-ai\app\audio\audio.py", line 320, in generate
    segment_files.append(result_queue.get())
NameError: name 'segment_files' is not defined
2025-07-09 18:38:56,943 [ERROR] app.desktop.task_manager (task_manager.py:185): Error in task: name 'segment_files' is not defined
Traceback (most recent call last):
  File "C:\Users\D070307\workspace\hypno-ai\app\desktop\task_manager.py", line 109, in _run_task
    output_filename = generate_audio(
  File "C:\Users\D070307\workspace\hypno-ai\app\audio\audio.py", line 377, in generate_audio
    result = generator.generate(text, language, voice_path, routine_name, progress_callback)
  File "C:\Users\D070307\workspace\hypno-ai\app\audio\audio.py", line 320, in generate
    segment_files.append(result_queue.get())
NameError: name 'segment_files' is not defined
2025-07-09 18:38:56,944 [ERROR] app.desktop.routine_editor (routine_editor.py:393): Audio generation failed: name 'segment_files' is not defined
2025-07-09 18:40:58,513 [INFO] app.desktop.main_window (main_window.py:200): Application closing
2025-07-09 18:42:13,965 [INFO] app (__init__.py:8): Initializing Hypno-AI application
2025-07-09 18:42:22,711 [INFO] app.desktop.main_window (main_window.py:22): Initializing MainWindow
2025-07-09 18:42:22,726 [INFO] app.desktop.routines_list (routines_list.py:26): Initializing RoutinesListWidget
2025-07-09 18:42:22,732 [INFO] app.desktop.routines_list (routines_list.py:84): Refreshing routines list
2025-07-09 18:42:22,735 [INFO] app.desktop.routines_list (routines_list.py:156): Loaded 1 routines into table
2025-07-09 18:42:22,735 [INFO] app.desktop.routines_list (routines_list.py:40): RoutinesListWidget initialized
2025-07-09 18:42:22,735 [INFO] app.desktop.routine_editor (routine_editor.py:32): Initializing RoutineEditorWidget
2025-07-09 18:42:22,735 [INFO] app.desktop.task_manager (task_manager.py:27): Initializing TaskManager
2025-07-09 18:42:22,735 [INFO] app.desktop.task_manager (task_manager.py:33): TaskManager initialized
2025-07-09 18:42:23,380 [INFO] app.desktop.routine_editor (routine_editor.py:61): RoutineEditorWidget initialized
2025-07-09 18:42:23,381 [INFO] app.desktop.main_window (main_window.py:88): MainWindow initialized
2025-07-09 18:42:26,524 [INFO] app.desktop.routines_list (routines_list.py:221): Routine selected: 9ffea1e3-8620-462c-9414-74e28ff9f206
2025-07-09 18:42:26,524 [INFO] app.desktop.main_window (main_window.py:193): Routine selected: 9ffea1e3-8620-462c-9414-74e28ff9f206
2025-07-09 18:42:26,617 [INFO] app.desktop.routines_list (routines_list.py:237): Routine selected from table click: 9ffea1e3-8620-462c-9414-74e28ff9f206
2025-07-09 18:42:26,618 [INFO] app.desktop.main_window (main_window.py:193): Routine selected: 9ffea1e3-8620-462c-9414-74e28ff9f206
2025-07-09 18:42:29,260 [INFO] app.desktop.routines_list (routines_list.py:237): Routine selected from table click: 9ffea1e3-8620-462c-9414-74e28ff9f206
2025-07-09 18:42:29,261 [INFO] app.desktop.main_window (main_window.py:193): Routine selected: 9ffea1e3-8620-462c-9414-74e28ff9f206
2025-07-09 18:42:33,467 [INFO] app.desktop.main_window (main_window.py:134): Creating new routine
2025-07-09 18:42:39,736 [INFO] app.desktop.routine_editor (routine_editor.py:310): Generate button clicked
2025-07-09 18:42:39,737 [INFO] app.desktop.task_manager (task_manager.py:58): Starting task for routine 'test2'
2025-07-09 18:42:39,738 [INFO] app.desktop.task_manager (task_manager.py:89): Running task for routine 'test2'
2025-07-09 18:42:39,738 [INFO] app.desktop.routine_editor (routine_editor.py:358): Audio generation task started
2025-07-09 18:42:39,738 [INFO] app.desktop.task_manager (task_manager.py:102): Generating audio for routine 'test2'
2025-07-09 18:42:39,744 [INFO] app.audio.audio (audio.py:374): generate_audio called with language=en, routine_name=test2, num_threads=4
2025-07-09 18:42:39,745 [INFO] app.audio.audio (audio.py:32): Initializing AudioGenerator with model=tts_models/multilingual/multi-dataset/xtts_v2, threads=4
2025-07-09 18:42:39,745 [INFO] app.audio.audio (audio.py:263): Starting audio generation for text of length 15 in language en
2025-07-09 18:42:39,745 [INFO] app.desktop.task_manager (task_manager.py:74): Task thread started for routine 'test2'
2025-07-09 18:42:39,745 [INFO] app.audio.audio (audio.py:270): Using routine name 'test2' for output filename: test2.wav
2025-07-09 18:42:39,748 [INFO] app.audio.audio (audio.py:151): Preparing text segments from 15 characters of text
2025-07-09 18:42:39,748 [INFO] app.audio.audio (audio.py:183): Prepared 1 text segments for processing
2025-07-09 18:42:39,748 [INFO] app.audio.audio (audio.py:293): Added 1 segments to the work queue
2025-07-09 18:42:39,748 [INFO] app.audio.audio (audio.py:298): Starting 1 worker threads
2025-07-09 18:42:39,749 [INFO] app.audio.audio (audio.py:110): Worker thread 6960 started
2025-07-09 18:42:39,760 [INFO] TTS.utils.manage (manage.py:418): tts_models/multilingual/multi-dataset/xtts_v2 is already downloaded.
2025-07-09 18:42:40,231 [INFO] TTS.tts.models (__init__.py:9): Using model: xtts
2025-07-09 18:42:48,143 [INFO] TTS.utils.synthesizer (synthesizer.py:334): Text split into sentences.
2025-07-09 18:42:48,144 [INFO] TTS.utils.synthesizer (synthesizer.py:335): Input: ['this is a test.']
2025-07-09 18:42:51,364 [INFO] TTS.utils.synthesizer (synthesizer.py:539): Processing time: 3.227
2025-07-09 18:42:51,364 [INFO] TTS.utils.synthesizer (synthesizer.py:540): Real-time factor: 2.073
2025-07-09 18:42:51,403 [INFO] app.audio.audio (audio.py:91): Generated audio for segment 0_0 in 11.65 seconds
2025-07-09 18:42:51,404 [INFO] app.audio.audio (audio.py:134): Worker thread 6960 finished after processing 1 segments
2025-07-09 18:42:51,572 [INFO] app.audio.audio (audio.py:339): All worker threads have completed their tasks
2025-07-09 18:42:51,572 [INFO] app.audio.audio (audio.py:345): Collected 1 processed segments from result queue
2025-07-09 18:42:51,572 [INFO] app.audio.audio (audio.py:195): Combining 1 audio segments into C:\Users\D070307\workspace\hypno-ai\app\static\output\test2.wav
2025-07-09 18:42:51,581 [INFO] app.audio.audio (audio.py:237): Exporting combined audio (1.43 seconds) to C:\Users\D070307\workspace\hypno-ai\app\static\output\test2.wav
2025-07-09 18:42:51,583 [INFO] app.audio.audio (audio.py:241): Combined audio segments in 0.01 seconds with 0 breaks and 0 line breaks
2025-07-09 18:42:51,584 [INFO] app.audio.audio (audio.py:363): Audio generation completed in 11.84 seconds: test2.wav
2025-07-09 18:42:51,584 [INFO] app.audio.audio (audio.py:379): generate_audio completed successfully, generated file: test2.wav
2025-07-09 18:42:51,584 [INFO] app.desktop.task_manager (task_manager.py:117): Audio generation completed: test2.wav
2025-07-09 18:42:51,584 [INFO] app.desktop.task_manager (task_manager.py:150): Creating new routine
2025-07-09 18:42:51,586 [INFO] app.desktop.task_manager (task_manager.py:159): New routine created with ID 7fb5d961-1211-469a-ba60-01ca166e79d4
2025-07-09 18:42:51,586 [INFO] app.desktop.task_manager (task_manager.py:181): Task completed successfully for routine 'test2'
2025-07-09 18:42:51,590 [INFO] app.desktop.routine_editor (routine_editor.py:373): Audio generation completed: {'routine_id': '7fb5d961-1211-469a-ba60-01ca166e79d4', 'name': 'test2', 'filename': 'test2.wav'}
2025-07-09 18:42:51,591 [INFO] app.desktop.routine_editor (routine_editor.py:414): Audio file loaded: C:\Users\D070307\workspace\hypno-ai\app\static\output\test2.wav
2025-07-09 18:42:51,591 [INFO] app.desktop.main_window (main_window.py:146): Routine saved
2025-07-09 18:42:51,592 [INFO] app.desktop.routines_list (routines_list.py:84): Refreshing routines list
2025-07-09 18:42:51,600 [INFO] app.desktop.routines_list (routines_list.py:156): Loaded 2 routines into table
2025-07-09 18:42:54,521 [INFO] app.desktop.routines_list (routines_list.py:221): Routine selected: 7fb5d961-1211-469a-ba60-01ca166e79d4
2025-07-09 18:42:54,521 [INFO] app.desktop.main_window (main_window.py:193): Routine selected: 7fb5d961-1211-469a-ba60-01ca166e79d4
2025-07-09 18:42:54,603 [INFO] app.desktop.routines_list (routines_list.py:237): Routine selected from table click: 7fb5d961-1211-469a-ba60-01ca166e79d4
2025-07-09 18:42:54,604 [INFO] app.desktop.main_window (main_window.py:193): Routine selected: 7fb5d961-1211-469a-ba60-01ca166e79d4
2025-07-09 18:42:55,616 [INFO] app.desktop.routines_list (routines_list.py:221): Routine selected: 9ffea1e3-8620-462c-9414-74e28ff9f206
2025-07-09 18:42:55,616 [INFO] app.desktop.main_window (main_window.py:193): Routine selected: 9ffea1e3-8620-462c-9414-74e28ff9f206
2025-07-09 18:42:55,699 [INFO] app.desktop.routines_list (routines_list.py:237): Routine selected from table click: 9ffea1e3-8620-462c-9414-74e28ff9f206
2025-07-09 18:42:55,699 [INFO] app.desktop.main_window (main_window.py:193): Routine selected: 9ffea1e3-8620-462c-9414-74e28ff9f206
2025-07-09 18:42:56,517 [INFO] app.desktop.routines_list (routines_list.py:221): Routine selected: 7fb5d961-1211-469a-ba60-01ca166e79d4
2025-07-09 18:42:56,517 [INFO] app.desktop.main_window (main_window.py:193): Routine selected: 7fb5d961-1211-469a-ba60-01ca166e79d4
2025-07-09 18:42:56,600 [INFO] app.desktop.routines_list (routines_list.py:237): Routine selected from table click: 7fb5d961-1211-469a-ba60-01ca166e79d4
2025-07-09 18:42:56,600 [INFO] app.desktop.main_window (main_window.py:193): Routine selected: 7fb5d961-1211-469a-ba60-01ca166e79d4
2025-07-09 18:45:39,847 [INFO] app.desktop.main_window (main_window.py:200): Application closing
2025-07-09 18:47:12,779 [INFO] app (__init__.py:8): Initializing Hypno-AI application
2025-07-09 18:47:21,175 [INFO] app.desktop.main_window (main_window.py:22): Initializing MainWindow
2025-07-09 18:47:21,190 [INFO] app.desktop.routines_list (routines_list.py:54): Initializing RoutinesListWidget
2025-07-09 18:47:21,196 [INFO] app.desktop.routines_list (routines_list.py:116): Refreshing routines list
2025-07-09 18:47:21,199 [INFO] app.desktop.routines_list (routines_list.py:192): Loaded 2 routines into table
2025-07-09 18:47:21,199 [INFO] app.desktop.routines_list (routines_list.py:68): RoutinesListWidget initialized
2025-07-09 18:47:21,200 [INFO] app.desktop.routine_editor (routine_editor.py:32): Initializing RoutineEditorWidget
2025-07-09 18:47:21,200 [INFO] app.desktop.task_manager (task_manager.py:27): Initializing TaskManager
2025-07-09 18:47:21,200 [INFO] app.desktop.task_manager (task_manager.py:33): TaskManager initialized
2025-07-09 18:47:22,318 [INFO] app.desktop.routine_editor (routine_editor.py:61): RoutineEditorWidget initialized
2025-07-09 18:47:22,320 [INFO] app.desktop.main_window (main_window.py:88): MainWindow initialized
2025-07-09 18:47:25,209 [INFO] app.desktop.routines_list (routines_list.py:274): Valid row 1, routine selected: 7fb5d961-1211-469a-ba60-01ca166e79d4
2025-07-09 18:47:25,209 [INFO] app.desktop.main_window (main_window.py:193): Routine selected: 7fb5d961-1211-469a-ba60-01ca166e79d4
2025-07-09 18:47:25,209 [INFO] app.desktop.routines_list (routines_list.py:274): Valid row 1, routine selected: 7fb5d961-1211-469a-ba60-01ca166e79d4
2025-07-09 18:47:25,209 [INFO] app.desktop.main_window (main_window.py:193): Routine selected: 7fb5d961-1211-469a-ba60-01ca166e79d4
2025-07-09 18:47:25,272 [INFO] app.desktop.routines_list (routines_list.py:274): Valid row 1, routine selected: 7fb5d961-1211-469a-ba60-01ca166e79d4
2025-07-09 18:47:25,272 [INFO] app.desktop.main_window (main_window.py:193): Routine selected: 7fb5d961-1211-469a-ba60-01ca166e79d4
2025-07-09 18:47:26,644 [INFO] app.desktop.routines_list (routines_list.py:274): Valid row 0, routine selected: 9ffea1e3-8620-462c-9414-74e28ff9f206
2025-07-09 18:47:26,644 [INFO] app.desktop.main_window (main_window.py:193): Routine selected: 9ffea1e3-8620-462c-9414-74e28ff9f206
2025-07-09 18:47:26,645 [INFO] app.desktop.routines_list (routines_list.py:274): Valid row 0, routine selected: 9ffea1e3-8620-462c-9414-74e28ff9f206
2025-07-09 18:47:26,645 [INFO] app.desktop.main_window (main_window.py:193): Routine selected: 9ffea1e3-8620-462c-9414-74e28ff9f206
2025-07-09 18:47:26,748 [INFO] app.desktop.routines_list (routines_list.py:274): Valid row 0, routine selected: 9ffea1e3-8620-462c-9414-74e28ff9f206
2025-07-09 18:47:26,750 [INFO] app.desktop.main_window (main_window.py:193): Routine selected: 9ffea1e3-8620-462c-9414-74e28ff9f206
2025-07-09 18:47:40,131 [INFO] app.desktop.routines_list (routines_list.py:274): Valid row 1, routine selected: 7fb5d961-1211-469a-ba60-01ca166e79d4
2025-07-09 18:47:40,131 [INFO] app.desktop.main_window (main_window.py:193): Routine selected: 7fb5d961-1211-469a-ba60-01ca166e79d4
2025-07-09 18:47:40,132 [INFO] app.desktop.routines_list (routines_list.py:274): Valid row 1, routine selected: 7fb5d961-1211-469a-ba60-01ca166e79d4
2025-07-09 18:47:40,132 [INFO] app.desktop.main_window (main_window.py:193): Routine selected: 7fb5d961-1211-469a-ba60-01ca166e79d4
2025-07-09 18:47:40,206 [INFO] app.desktop.routines_list (routines_list.py:274): Valid row 1, routine selected: 7fb5d961-1211-469a-ba60-01ca166e79d4
2025-07-09 18:47:40,206 [INFO] app.desktop.main_window (main_window.py:193): Routine selected: 7fb5d961-1211-469a-ba60-01ca166e79d4
2025-07-09 18:47:40,940 [INFO] app.desktop.routines_list (routines_list.py:274): Valid row 0, routine selected: 9ffea1e3-8620-462c-9414-74e28ff9f206
2025-07-09 18:47:40,940 [INFO] app.desktop.main_window (main_window.py:193): Routine selected: 9ffea1e3-8620-462c-9414-74e28ff9f206
2025-07-09 18:47:40,941 [INFO] app.desktop.routines_list (routines_list.py:274): Valid row 0, routine selected: 9ffea1e3-8620-462c-9414-74e28ff9f206
2025-07-09 18:47:40,941 [INFO] app.desktop.main_window (main_window.py:193): Routine selected: 9ffea1e3-8620-462c-9414-74e28ff9f206
2025-07-09 18:47:41,046 [INFO] app.desktop.routines_list (routines_list.py:274): Valid row 0, routine selected: 9ffea1e3-8620-462c-9414-74e28ff9f206
2025-07-09 18:47:41,046 [INFO] app.desktop.main_window (main_window.py:193): Routine selected: 9ffea1e3-8620-462c-9414-74e28ff9f206
2025-07-09 18:48:04,771 [INFO] app.desktop.routines_list (routines_list.py:274): Valid row 1, routine selected: 7fb5d961-1211-469a-ba60-01ca166e79d4
2025-07-09 18:48:04,771 [INFO] app.desktop.main_window (main_window.py:193): Routine selected: 7fb5d961-1211-469a-ba60-01ca166e79d4
2025-07-09 18:48:04,772 [INFO] app.desktop.routines_list (routines_list.py:274): Valid row 1, routine selected: 7fb5d961-1211-469a-ba60-01ca166e79d4
2025-07-09 18:48:04,772 [INFO] app.desktop.main_window (main_window.py:193): Routine selected: 7fb5d961-1211-469a-ba60-01ca166e79d4
2025-07-09 18:48:04,858 [INFO] app.desktop.routines_list (routines_list.py:274): Valid row 1, routine selected: 7fb5d961-1211-469a-ba60-01ca166e79d4
2025-07-09 18:48:04,859 [INFO] app.desktop.main_window (main_window.py:193): Routine selected: 7fb5d961-1211-469a-ba60-01ca166e79d4
2025-07-09 18:48:05,963 [INFO] app.desktop.routines_list (routines_list.py:274): Valid row 0, routine selected: 9ffea1e3-8620-462c-9414-74e28ff9f206
2025-07-09 18:48:05,963 [INFO] app.desktop.main_window (main_window.py:193): Routine selected: 9ffea1e3-8620-462c-9414-74e28ff9f206
2025-07-09 18:48:05,963 [INFO] app.desktop.routines_list (routines_list.py:274): Valid row 0, routine selected: 9ffea1e3-8620-462c-9414-74e28ff9f206
2025-07-09 18:48:05,964 [INFO] app.desktop.main_window (main_window.py:193): Routine selected: 9ffea1e3-8620-462c-9414-74e28ff9f206
2025-07-09 18:48:06,057 [INFO] app.desktop.routines_list (routines_list.py:274): Valid row 0, routine selected: 9ffea1e3-8620-462c-9414-74e28ff9f206
2025-07-09 18:48:06,058 [INFO] app.desktop.main_window (main_window.py:193): Routine selected: 9ffea1e3-8620-462c-9414-74e28ff9f206
2025-07-09 18:51:47,592 [INFO] app (__init__.py:8): Initializing Hypno-AI application
2025-07-09 18:52:27,575 [INFO] app.desktop.main_window (main_window.py:22): Initializing MainWindow
2025-07-09 18:52:27,588 [INFO] app.desktop.routines_list (routines_list.py:26): Initializing RoutinesListWidget
2025-07-09 18:52:27,596 [INFO] app.desktop.routines_list (routines_list.py:84): Refreshing routines list
2025-07-09 18:52:27,597 [INFO] app.desktop.routines_list (routines_list.py:156): Loaded 2 routines into table
2025-07-09 18:52:27,598 [INFO] app.desktop.routines_list (routines_list.py:40): RoutinesListWidget initialized
2025-07-09 18:52:27,598 [INFO] app.desktop.routine_editor (routine_editor.py:32): Initializing RoutineEditorWidget
2025-07-09 18:52:27,598 [INFO] app.desktop.task_manager (task_manager.py:27): Initializing TaskManager
2025-07-09 18:52:27,598 [INFO] app.desktop.task_manager (task_manager.py:33): TaskManager initialized
2025-07-09 18:52:28,679 [INFO] app.desktop.routine_editor (routine_editor.py:61): RoutineEditorWidget initialized
2025-07-09 18:52:28,682 [INFO] app.desktop.main_window (main_window.py:88): MainWindow initialized
2025-07-09 18:52:31,403 [INFO] app.desktop.routines_list (routines_list.py:221): Routine selected: 9ffea1e3-8620-462c-9414-74e28ff9f206
2025-07-09 18:52:31,403 [INFO] app.desktop.main_window (main_window.py:193): Routine selected: 9ffea1e3-8620-462c-9414-74e28ff9f206
2025-07-09 18:52:31,403 [INFO] app.desktop.main_window (main_window.py:140): Editing routine: 9ffea1e3-8620-462c-9414-74e28ff9f206
2025-07-09 18:52:31,403 [INFO] app.desktop.routine_editor (routine_editor.py:236): Loading routine: 9ffea1e3-8620-462c-9414-74e28ff9f206
2025-07-09 18:52:31,404 [INFO] app.desktop.routine_editor (routine_editor.py:413): Audio file loaded: C:\Users\D070307\workspace\hypno-ai\app\static\output\test.wav
2025-07-09 18:52:31,404 [INFO] app.desktop.routine_editor (routine_editor.py:277): Routine loaded: 9ffea1e3-8620-462c-9414-74e28ff9f206
2025-07-09 18:52:31,464 [INFO] app.desktop.routines_list (routines_list.py:237): Routine selected from table click: 9ffea1e3-8620-462c-9414-74e28ff9f206
2025-07-09 18:52:31,465 [INFO] app.desktop.main_window (main_window.py:193): Routine selected: 9ffea1e3-8620-462c-9414-74e28ff9f206
2025-07-09 18:52:31,465 [INFO] app.desktop.main_window (main_window.py:140): Editing routine: 9ffea1e3-8620-462c-9414-74e28ff9f206
2025-07-09 18:52:31,465 [INFO] app.desktop.routine_editor (routine_editor.py:236): Loading routine: 9ffea1e3-8620-462c-9414-74e28ff9f206
2025-07-09 18:52:31,467 [INFO] app.desktop.routine_editor (routine_editor.py:413): Audio file loaded: C:\Users\D070307\workspace\hypno-ai\app\static\output\test.wav
2025-07-09 18:52:31,467 [INFO] app.desktop.routine_editor (routine_editor.py:277): Routine loaded: 9ffea1e3-8620-462c-9414-74e28ff9f206
2025-07-09 18:52:32,267 [INFO] app.desktop.routines_list (routines_list.py:221): Routine selected: 7fb5d961-1211-469a-ba60-01ca166e79d4
2025-07-09 18:52:32,267 [INFO] app.desktop.main_window (main_window.py:193): Routine selected: 7fb5d961-1211-469a-ba60-01ca166e79d4
2025-07-09 18:52:32,268 [INFO] app.desktop.main_window (main_window.py:140): Editing routine: 7fb5d961-1211-469a-ba60-01ca166e79d4
2025-07-09 18:52:32,268 [INFO] app.desktop.routine_editor (routine_editor.py:236): Loading routine: 7fb5d961-1211-469a-ba60-01ca166e79d4
2025-07-09 18:52:32,269 [INFO] app.desktop.routine_editor (routine_editor.py:413): Audio file loaded: C:\Users\D070307\workspace\hypno-ai\app\static\output\test2.wav
2025-07-09 18:52:32,270 [INFO] app.desktop.routine_editor (routine_editor.py:277): Routine loaded: 7fb5d961-1211-469a-ba60-01ca166e79d4
2025-07-09 18:52:32,335 [INFO] app.desktop.routines_list (routines_list.py:237): Routine selected from table click: 7fb5d961-1211-469a-ba60-01ca166e79d4
2025-07-09 18:52:32,335 [INFO] app.desktop.main_window (main_window.py:193): Routine selected: 7fb5d961-1211-469a-ba60-01ca166e79d4
2025-07-09 18:52:32,335 [INFO] app.desktop.main_window (main_window.py:140): Editing routine: 7fb5d961-1211-469a-ba60-01ca166e79d4
2025-07-09 18:52:32,336 [INFO] app.desktop.routine_editor (routine_editor.py:236): Loading routine: 7fb5d961-1211-469a-ba60-01ca166e79d4
2025-07-09 18:52:32,337 [INFO] app.desktop.routine_editor (routine_editor.py:413): Audio file loaded: C:\Users\D070307\workspace\hypno-ai\app\static\output\test2.wav
2025-07-09 18:52:32,337 [INFO] app.desktop.routine_editor (routine_editor.py:277): Routine loaded: 7fb5d961-1211-469a-ba60-01ca166e79d4
2025-07-09 18:52:33,278 [INFO] app.desktop.routines_list (routines_list.py:221): Routine selected: 9ffea1e3-8620-462c-9414-74e28ff9f206
2025-07-09 18:52:33,279 [INFO] app.desktop.main_window (main_window.py:193): Routine selected: 9ffea1e3-8620-462c-9414-74e28ff9f206
2025-07-09 18:52:33,279 [INFO] app.desktop.main_window (main_window.py:140): Editing routine: 9ffea1e3-8620-462c-9414-74e28ff9f206
2025-07-09 18:52:33,279 [INFO] app.desktop.routine_editor (routine_editor.py:236): Loading routine: 9ffea1e3-8620-462c-9414-74e28ff9f206
2025-07-09 18:52:33,280 [INFO] app.desktop.routine_editor (routine_editor.py:413): Audio file loaded: C:\Users\D070307\workspace\hypno-ai\app\static\output\test.wav
2025-07-09 18:52:33,280 [INFO] app.desktop.routine_editor (routine_editor.py:277): Routine loaded: 9ffea1e3-8620-462c-9414-74e28ff9f206
2025-07-09 18:52:33,384 [INFO] app.desktop.routines_list (routines_list.py:237): Routine selected from table click: 9ffea1e3-8620-462c-9414-74e28ff9f206
2025-07-09 18:52:33,384 [INFO] app.desktop.main_window (main_window.py:193): Routine selected: 9ffea1e3-8620-462c-9414-74e28ff9f206
2025-07-09 18:52:33,384 [INFO] app.desktop.main_window (main_window.py:140): Editing routine: 9ffea1e3-8620-462c-9414-74e28ff9f206
2025-07-09 18:52:33,384 [INFO] app.desktop.routine_editor (routine_editor.py:236): Loading routine: 9ffea1e3-8620-462c-9414-74e28ff9f206
2025-07-09 18:52:33,386 [INFO] app.desktop.routine_editor (routine_editor.py:413): Audio file loaded: C:\Users\D070307\workspace\hypno-ai\app\static\output\test.wav
2025-07-09 18:52:33,386 [INFO] app.desktop.routine_editor (routine_editor.py:277): Routine loaded: 9ffea1e3-8620-462c-9414-74e28ff9f206
2025-07-09 18:52:34,134 [INFO] app.desktop.routines_list (routines_list.py:221): Routine selected: 7fb5d961-1211-469a-ba60-01ca166e79d4
2025-07-09 18:52:34,135 [INFO] app.desktop.main_window (main_window.py:193): Routine selected: 7fb5d961-1211-469a-ba60-01ca166e79d4
2025-07-09 18:52:34,135 [INFO] app.desktop.main_window (main_window.py:140): Editing routine: 7fb5d961-1211-469a-ba60-01ca166e79d4
2025-07-09 18:52:34,135 [INFO] app.desktop.routine_editor (routine_editor.py:236): Loading routine: 7fb5d961-1211-469a-ba60-01ca166e79d4
2025-07-09 18:52:34,136 [INFO] app.desktop.routine_editor (routine_editor.py:413): Audio file loaded: C:\Users\D070307\workspace\hypno-ai\app\static\output\test2.wav
2025-07-09 18:52:34,136 [INFO] app.desktop.routine_editor (routine_editor.py:277): Routine loaded: 7fb5d961-1211-469a-ba60-01ca166e79d4
2025-07-09 18:52:34,194 [INFO] app.desktop.routines_list (routines_list.py:237): Routine selected from table click: 7fb5d961-1211-469a-ba60-01ca166e79d4
2025-07-09 18:52:34,196 [INFO] app.desktop.main_window (main_window.py:193): Routine selected: 7fb5d961-1211-469a-ba60-01ca166e79d4
2025-07-09 18:52:34,196 [INFO] app.desktop.main_window (main_window.py:140): Editing routine: 7fb5d961-1211-469a-ba60-01ca166e79d4
2025-07-09 18:52:34,196 [INFO] app.desktop.routine_editor (routine_editor.py:236): Loading routine: 7fb5d961-1211-469a-ba60-01ca166e79d4
2025-07-09 18:52:34,198 [INFO] app.desktop.routine_editor (routine_editor.py:413): Audio file loaded: C:\Users\D070307\workspace\hypno-ai\app\static\output\test2.wav
2025-07-09 18:52:34,198 [INFO] app.desktop.routine_editor (routine_editor.py:277): Routine loaded: 7fb5d961-1211-469a-ba60-01ca166e79d4
